[1118/151554.657:INFO:CONSOLE(154)] "Event handler of 'x-storagemutated-1' event must be added on the initial evaluation of worker script.", source: https://static.whatsapp.net/rsrc.php/v3/yo/r/FODKmZWvu2s.js (154)
[1118/151555.412:INFO:CONSOLE(0)] "Error with Permissions-Policy header: Feature xr-spatial-tracking's parameters are ignored.", source:  (0)
[1118/151555.413:INFO:CONSOLE(0)] "Error with Permissions-Policy header: Origin trial controlled feature not enabled: 'attribution-reporting'.", source:  (0)
[1118/151555.413:INFO:CONSOLE(0)] "Error with Permissions-Policy header: Unrecognized feature: 'compute-pressure'.", source:  (0)
[1118/151555.413:INFO:CONSOLE(0)] "Error with Permissions-Policy header: Origin trial controlled feature not enabled: 'interest-cohort'.", source:  (0)
[1118/151555.414:INFO:CONSOLE(0)] "Error with Permissions-Policy header: Unrecognized feature: 'private-state-token-issuance'.", source:  (0)
[1118/151555.414:INFO:CONSOLE(0)] "Error with Permissions-Policy header: Origin trial controlled feature not enabled: 'shared-storage'.", source:  (0)
[1118/151555.414:INFO:CONSOLE(0)] "Error with Permissions-Policy header: Unrecognized feature: 'shared-storage-select-url'.", source:  (0)
[1118/151555.414:INFO:CONSOLE(0)] "Error with Permissions-Policy header: Unrecognized feature: 'private-state-token-redemption'.", source:  (0)
[1118/151555.414:INFO:CONSOLE(0)] "Error with Permissions-Policy header: Unrecognized feature: 'unload'.", source:  (0)
[1118/151555.414:INFO:CONSOLE(0)] "Error with Permissions-Policy header: Unrecognized feature: 'window-management'.", source:  (0)
[1118/152115.856:INFO:CONSOLE(327)] "Failed to parse video contentType: video/mp4; codecs=avc1.42000a", source: https://static.whatsapp.net/rsrc.php/v3iHCc4/yG/l/rt/DNa6ms9Y7zf.js (327)
[1118/152115.856:INFO:CONSOLE(327)] "Failed to parse video contentType: video/mp4; codecs=hev1.1.6.L93.B0", source: https://static.whatsapp.net/rsrc.php/v3iHCc4/yG/l/rt/DNa6ms9Y7zf.js (327)
[1118/152117.272:INFO:CONSOLE(154)] "Event handler of 'x-storagemutated-1' event must be added on the initial evaluation of worker script.", source: https://static.whatsapp.net/rsrc.php/v3/yo/r/FODKmZWvu2s.js (154)
[1118/152235.346:INFO:CONSOLE(154)] "Event handler of 'x-storagemutated-1' event must be added on the initial evaluation of worker script.", source: https://static.whatsapp.net/rsrc.php/v3/yo/r/FODKmZWvu2s.js (154)
[1118/153221.064:WARNING:dns_config_service_win.cc(584)] Failed to read DnsConfig.
[1118/153221.125:WARNING:dns_config_service_win.cc(584)] Failed to read DnsConfig.
[1118/153221.181:WARNING:dns_config_service_win.cc(584)] Failed to read DnsConfig.
[1118/153223.554:INFO:CONSOLE(154)] "Event handler of 'x-storagemutated-1' event must be added on the initial evaluation of worker script.", source: https://static.whatsapp.net/rsrc.php/v3/yo/r/FODKmZWvu2s.js (154)
[1118/153226.201:WARNING:dns_config_service_win.cc(584)] Failed to read DnsConfig.
[1118/153236.219:WARNING:dns_config_service_win.cc(584)] Failed to read DnsConfig.
[1118/153256.230:WARNING:dns_config_service_win.cc(584)] Failed to read DnsConfig.
[1118/153438.329:INFO:CONSOLE(154)] "Event handler of 'x-storagemutated-1' event must be added on the initial evaluation of worker script.", source: https://static.whatsapp.net/rsrc.php/v3/yo/r/FODKmZWvu2s.js (154)
[1118/153444.385:WARNING:dns_config_service_win.cc(584)] Failed to read DnsConfig.
[1118/153447.579:WARNING:dns_config_service_win.cc(584)] Failed to read DnsConfig.
[1118/153447.593:WARNING:dns_config_service_win.cc(584)] Failed to read DnsConfig.
[1118/153447.712:WARNING:dns_config_service_win.cc(584)] Failed to read DnsConfig.
[1118/153500.229:WARNING:dns_config_service_win.cc(584)] Failed to read DnsConfig.
[1118/153505.234:WARNING:dns_config_service_win.cc(584)] Failed to read DnsConfig.
[1118/154054.760:INFO:CONSOLE(154)] "Event handler of 'x-storagemutated-1' event must be added on the initial evaluation of worker script.", source: https://static.whatsapp.net/rsrc.php/v3/yo/r/FODKmZWvu2s.js (154)
